<?xml version="1.0" encoding="UTF-8"?>
<testsuite xmlns:xsi="http://www.w3.org/2001/XMLSchema-instance" xsi:noNamespaceSchemaLocation="https://maven.apache.org/surefire/maven-surefire-plugin/xsd/surefire-test-report.xsd" name="it.rjcsoft.prv.utils.PrvRolesUtilsTest" time="0.354" tests="6" errors="0" skipped="0" failures="0">
  <properties>
    <property name="java.specification.version" value="16"/>
    <property name="sun.cpu.isalist" value="amd64"/>
    <property name="sun.jnu.encoding" value="Cp1252"/>
    <property name="java.class.path" value="C:\Users\andre\PortoDiRavenna\trunk\BE\prvREST\target\test-classes;C:\Users\andre\PortoDiRavenna\trunk\BE\prvREST\target\classes;C:\Users\andre\.m2\repository\org\springframework\boot\spring-boot-starter-web\2.3.4.RELEASE\spring-boot-starter-web-2.3.4.RELEASE.jar;C:\Users\andre\.m2\repository\org\springframework\boot\spring-boot-starter\2.3.4.RELEASE\spring-boot-starter-2.3.4.RELEASE.jar;C:\Users\andre\.m2\repository\jakarta\annotation\jakarta.annotation-api\1.3.5\jakarta.annotation-api-1.3.5.jar;C:\Users\andre\.m2\repository\org\yaml\snakeyaml\1.26\snakeyaml-1.26.jar;C:\Users\andre\.m2\repository\org\springframework\boot\spring-boot-starter-json\2.3.4.RELEASE\spring-boot-starter-json-2.3.4.RELEASE.jar;C:\Users\andre\.m2\repository\com\fasterxml\jackson\datatype\jackson-datatype-jdk8\2.11.0\jackson-datatype-jdk8-2.11.0.jar;C:\Users\andre\.m2\repository\com\fasterxml\jackson\datatype\jackson-datatype-jsr310\2.11.0\jackson-datatype-jsr310-2.11.0.jar;C:\Users\andre\.m2\repository\com\fasterxml\jackson\module\jackson-module-parameter-names\2.11.0\jackson-module-parameter-names-2.11.0.jar;C:\Users\andre\.m2\repository\org\springframework\boot\spring-boot-starter-tomcat\2.3.4.RELEASE\spring-boot-starter-tomcat-2.3.4.RELEASE.jar;C:\Users\andre\.m2\repository\org\apache\tomcat\embed\tomcat-embed-core\9.0.36\tomcat-embed-core-9.0.36.jar;C:\Users\andre\.m2\repository\org\apache\tomcat\embed\tomcat-embed-websocket\9.0.36\tomcat-embed-websocket-9.0.36.jar;C:\Users\andre\.m2\repository\org\springframework\spring-web\5.2.7.RELEASE\spring-web-5.2.7.RELEASE.jar;C:\Users\andre\.m2\repository\org\springframework\spring-webmvc\5.2.7.RELEASE\spring-webmvc-5.2.7.RELEASE.jar;C:\Users\andre\.m2\repository\org\springframework\spring-aop\5.2.7.RELEASE\spring-aop-5.2.7.RELEASE.jar;C:\Users\andre\.m2\repository\org\springframework\spring-expression\5.2.7.RELEASE\spring-expression-5.2.7.RELEASE.jar;C:\Users\andre\.m2\repository\org\springframework\boot\spring-boot-devtools\2.3.4.RELEASE\spring-boot-devtools-2.3.4.RELEASE.jar;C:\Users\andre\.m2\repository\org\springframework\boot\spring-boot\2.3.4.RELEASE\spring-boot-2.3.4.RELEASE.jar;C:\Users\andre\.m2\repository\org\springframework\boot\spring-boot-autoconfigure\2.3.4.RELEASE\spring-boot-autoconfigure-2.3.4.RELEASE.jar;C:\Users\andre\.m2\repository\org\springframework\boot\spring-boot-starter-freemarker\2.3.4.RELEASE\spring-boot-starter-freemarker-2.3.4.RELEASE.jar;C:\Users\andre\.m2\repository\org\freemarker\freemarker\2.3.30\freemarker-2.3.30.jar;C:\Users\andre\.m2\repository\org\springframework\spring-context-support\5.2.7.RELEASE\spring-context-support-5.2.7.RELEASE.jar;C:\Users\andre\.m2\repository\org\springframework\boot\spring-boot-starter-data-jpa\2.3.4.RELEASE\spring-boot-starter-data-jpa-2.3.4.RELEASE.jar;C:\Users\andre\.m2\repository\org\springframework\boot\spring-boot-starter-aop\2.3.4.RELEASE\spring-boot-starter-aop-2.3.4.RELEASE.jar;C:\Users\andre\.m2\repository\org\aspectj\aspectjweaver\1.9.5\aspectjweaver-1.9.5.jar;C:\Users\andre\.m2\repository\org\springframework\boot\spring-boot-starter-jdbc\2.3.4.RELEASE\spring-boot-starter-jdbc-2.3.4.RELEASE.jar;C:\Users\andre\.m2\repository\com\zaxxer\HikariCP\3.4.5\HikariCP-3.4.5.jar;C:\Users\andre\.m2\repository\org\springframework\spring-jdbc\5.2.7.RELEASE\spring-jdbc-5.2.7.RELEASE.jar;C:\Users\andre\.m2\repository\jakarta\transaction\jakarta.transaction-api\1.3.3\jakarta.transaction-api-1.3.3.jar;C:\Users\andre\.m2\repository\jakarta\persistence\jakarta.persistence-api\2.2.3\jakarta.persistence-api-2.2.3.jar;C:\Users\andre\.m2\repository\org\hibernate\hibernate-core\5.4.17.Final\hibernate-core-5.4.17.Final.jar;C:\Users\andre\.m2\repository\net\bytebuddy\byte-buddy\1.10.11\byte-buddy-1.10.11.jar;C:\Users\andre\.m2\repository\antlr\antlr\2.7.7\antlr-2.7.7.jar;C:\Users\andre\.m2\repository\org\jboss\jandex\2.1.3.Final\jandex-2.1.3.Final.jar;C:\Users\andre\.m2\repository\com\fasterxml\classmate\1.5.1\classmate-1.5.1.jar;C:\Users\andre\.m2\repository\org\hibernate\common\hibernate-commons-annotations\5.1.0.Final\hibernate-commons-annotations-5.1.0.Final.jar;C:\Users\andre\.m2\repository\org\glassfish\jaxb\jaxb-runtime\2.3.3\jaxb-runtime-2.3.3.jar;C:\Users\andre\.m2\repository\org\glassfish\jaxb\txw2\2.3.3\txw2-2.3.3.jar;C:\Users\andre\.m2\repository\com\sun\istack\istack-commons-runtime\3.0.11\istack-commons-runtime-3.0.11.jar;C:\Users\andre\.m2\repository\org\springframework\data\spring-data-jpa\2.3.1.RELEASE\spring-data-jpa-2.3.1.RELEASE.jar;C:\Users\andre\.m2\repository\org\springframework\data\spring-data-commons\2.3.1.RELEASE\spring-data-commons-2.3.1.RELEASE.jar;C:\Users\andre\.m2\repository\org\springframework\spring-orm\5.2.7.RELEASE\spring-orm-5.2.7.RELEASE.jar;C:\Users\andre\.m2\repository\org\springframework\spring-tx\5.2.7.RELEASE\spring-tx-5.2.7.RELEASE.jar;C:\Users\andre\.m2\repository\org\springframework\spring-aspects\5.2.7.RELEASE\spring-aspects-5.2.7.RELEASE.jar;C:\Users\andre\.m2\repository\org\springframework\boot\spring-boot-starter-mail\2.3.4.RELEASE\spring-boot-starter-mail-2.3.4.RELEASE.jar;C:\Users\andre\.m2\repository\com\sun\mail\jakarta.mail\1.6.5\jakarta.mail-1.6.5.jar;C:\Users\andre\.m2\repository\com\sun\activation\jakarta.activation\1.2.2\jakarta.activation-1.2.2.jar;C:\Users\andre\.m2\repository\org\springframework\boot\spring-boot-starter-validation\2.3.4.RELEASE\spring-boot-starter-validation-2.3.4.RELEASE.jar;C:\Users\andre\.m2\repository\org\glassfish\jakarta.el\3.0.3\jakarta.el-3.0.3.jar;C:\Users\andre\.m2\repository\org\hibernate\validator\hibernate-validator\6.1.5.Final\hibernate-validator-6.1.5.Final.jar;C:\Users\andre\.m2\repository\jakarta\validation\jakarta.validation-api\2.0.2\jakarta.validation-api-2.0.2.jar;C:\Users\andre\.m2\repository\org\springframework\security\oauth\spring-security-oauth2\2.2.6.RELEASE\spring-security-oauth2-2.2.6.RELEASE.jar;C:\Users\andre\.m2\repository\org\springframework\spring-beans\5.2.7.RELEASE\spring-beans-5.2.7.RELEASE.jar;C:\Users\andre\.m2\repository\org\springframework\spring-core\5.2.7.RELEASE\spring-core-5.2.7.RELEASE.jar;C:\Users\andre\.m2\repository\org\springframework\spring-jcl\5.2.7.RELEASE\spring-jcl-5.2.7.RELEASE.jar;C:\Users\andre\.m2\repository\org\springframework\spring-context\5.2.7.RELEASE\spring-context-5.2.7.RELEASE.jar;C:\Users\andre\.m2\repository\org\springframework\security\spring-security-core\5.3.3.RELEASE\spring-security-core-5.3.3.RELEASE.jar;C:\Users\andre\.m2\repository\org\springframework\security\spring-security-config\5.3.3.RELEASE\spring-security-config-5.3.3.RELEASE.jar;C:\Users\andre\.m2\repository\org\springframework\security\spring-security-web\5.3.3.RELEASE\spring-security-web-5.3.3.RELEASE.jar;C:\Users\andre\.m2\repository\commons-codec\commons-codec\1.14\commons-codec-1.14.jar;C:\Users\andre\.m2\repository\org\codehaus\jackson\jackson-mapper-asl\1.9.13\jackson-mapper-asl-1.9.13.jar;C:\Users\andre\.m2\repository\org\codehaus\jackson\jackson-core-asl\1.9.13\jackson-core-asl-1.9.13.jar;C:\Users\andre\.m2\repository\org\springframework\security\spring-security-jwt\1.0.9.RELEASE\spring-security-jwt-1.0.9.RELEASE.jar;C:\Users\andre\.m2\repository\org\bouncycastle\bcpkix-jdk15on\1.56\bcpkix-jdk15on-1.56.jar;C:\Users\andre\.m2\repository\org\bouncycastle\bcprov-jdk15on\1.56\bcprov-jdk15on-1.56.jar;C:\Users\andre\.m2\repository\commons-beanutils\commons-beanutils\1.9.4\commons-beanutils-1.9.4.jar;C:\Users\andre\.m2\repository\commons-logging\commons-logging\1.2\commons-logging-1.2.jar;C:\Users\andre\.m2\repository\commons-collections\commons-collections\3.2.2\commons-collections-3.2.2.jar;C:\Users\andre\.m2\repository\org\springframework\boot\spring-boot-starter-actuator\2.3.4.RELEASE\spring-boot-starter-actuator-2.3.4.RELEASE.jar;C:\Users\andre\.m2\repository\org\springframework\boot\spring-boot-actuator-autoconfigure\2.3.4.RELEASE\spring-boot-actuator-autoconfigure-2.3.4.RELEASE.jar;C:\Users\andre\.m2\repository\org\springframework\boot\spring-boot-actuator\2.3.4.RELEASE\spring-boot-actuator-2.3.4.RELEASE.jar;C:\Users\andre\.m2\repository\io\micrometer\micrometer-core\1.5.1\micrometer-core-1.5.1.jar;C:\Users\andre\.m2\repository\org\hdrhistogram\HdrHistogram\2.1.12\HdrHistogram-2.1.12.jar;C:\Users\andre\.m2\repository\org\latencyutils\LatencyUtils\2.0.3\LatencyUtils-2.0.3.jar;C:\Users\andre\.m2\repository\org\springframework\boot\spring-boot-starter-test\2.3.4.RELEASE\spring-boot-starter-test-2.3.4.RELEASE.jar;C:\Users\andre\.m2\repository\org\springframework\boot\spring-boot-test\2.3.4.RELEASE\spring-boot-test-2.3.4.RELEASE.jar;C:\Users\andre\.m2\repository\org\springframework\boot\spring-boot-test-autoconfigure\2.3.4.RELEASE\spring-boot-test-autoconfigure-2.3.4.RELEASE.jar;C:\Users\andre\.m2\repository\jakarta\xml\bind\jakarta.xml.bind-api\2.3.3\jakarta.xml.bind-api-2.3.3.jar;C:\Users\andre\.m2\repository\jakarta\activation\jakarta.activation-api\1.2.2\jakarta.activation-api-1.2.2.jar;C:\Users\andre\.m2\repository\org\assertj\assertj-core\3.16.1\assertj-core-3.16.1.jar;C:\Users\andre\.m2\repository\org\hamcrest\hamcrest\2.2\hamcrest-2.2.jar;C:\Users\andre\.m2\repository\org\junit\jupiter\junit-jupiter\5.6.2\junit-jupiter-5.6.2.jar;C:\Users\andre\.m2\repository\org\junit\jupiter\junit-jupiter-api\5.6.2\junit-jupiter-api-5.6.2.jar;C:\Users\andre\.m2\repository\org\opentest4j\opentest4j\1.2.0\opentest4j-1.2.0.jar;C:\Users\andre\.m2\repository\org\junit\platform\junit-platform-commons\1.6.2\junit-platform-commons-1.6.2.jar;C:\Users\andre\.m2\repository\org\junit\jupiter\junit-jupiter-params\5.6.2\junit-jupiter-params-5.6.2.jar;C:\Users\andre\.m2\repository\org\junit\jupiter\junit-jupiter-engine\5.6.2\junit-jupiter-engine-5.6.2.jar;C:\Users\andre\.m2\repository\org\junit\vintage\junit-vintage-engine\5.6.2\junit-vintage-engine-5.6.2.jar;C:\Users\andre\.m2\repository\org\apiguardian\apiguardian-api\1.1.0\apiguardian-api-1.1.0.jar;C:\Users\andre\.m2\repository\org\junit\platform\junit-platform-engine\1.6.2\junit-platform-engine-1.6.2.jar;C:\Users\andre\.m2\repository\junit\junit\4.13\junit-4.13.jar;C:\Users\andre\.m2\repository\org\mockito\mockito-core\3.3.3\mockito-core-3.3.3.jar;C:\Users\andre\.m2\repository\net\bytebuddy\byte-buddy-agent\1.10.11\byte-buddy-agent-1.10.11.jar;C:\Users\andre\.m2\repository\org\objenesis\objenesis\2.6\objenesis-2.6.jar;C:\Users\andre\.m2\repository\org\mockito\mockito-junit-jupiter\3.3.3\mockito-junit-jupiter-3.3.3.jar;C:\Users\andre\.m2\repository\org\skyscreamer\jsonassert\1.5.0\jsonassert-1.5.0.jar;C:\Users\andre\.m2\repository\com\vaadin\external\google\android-json\0.0.20131108.vaadin1\android-json-0.0.20131108.vaadin1.jar;C:\Users\andre\.m2\repository\org\springframework\spring-test\5.2.7.RELEASE\spring-test-5.2.7.RELEASE.jar;C:\Users\andre\.m2\repository\org\xmlunit\xmlunit-core\2.7.0\xmlunit-core-2.7.0.jar;C:\Users\andre\.m2\repository\com\jayway\jsonpath\json-path\2.4.0\json-path-2.4.0.jar;C:\Users\andre\.m2\repository\net\minidev\json-smart\2.3\json-smart-2.3.jar;C:\Users\andre\.m2\repository\net\minidev\accessors-smart\1.2\accessors-smart-1.2.jar;C:\Users\andre\.m2\repository\org\ow2\asm\asm\5.0.4\asm-5.0.4.jar;C:\Users\andre\.m2\repository\org\slf4j\slf4j-api\1.7.30\slf4j-api-1.7.30.jar;C:\Users\andre\.m2\repository\org\springframework\security\spring-security-test\5.3.3.RELEASE\spring-security-test-5.3.3.RELEASE.jar;C:\Users\andre\.m2\repository\org\apache\poi\poi-ooxml\3.15\poi-ooxml-3.15.jar;C:\Users\andre\.m2\repository\org\apache\poi\poi\3.15\poi-3.15.jar;C:\Users\andre\.m2\repository\org\apache\poi\poi-ooxml-schemas\3.15\poi-ooxml-schemas-3.15.jar;C:\Users\andre\.m2\repository\org\apache\xmlbeans\xmlbeans\2.6.0\xmlbeans-2.6.0.jar;C:\Users\andre\.m2\repository\stax\stax-api\1.0.1\stax-api-1.0.1.jar;C:\Users\andre\.m2\repository\com\github\virtuald\curvesapi\1.04\curvesapi-1.04.jar;C:\Users\andre\.m2\repository\org\json\json\20190722\json-20190722.jar;C:\Users\andre\.m2\repository\javax\xml\bind\jaxb-api\2.1\jaxb-api-2.1.jar;C:\Users\andre\.m2\repository\javax\xml\stream\stax-api\1.0-2\stax-api-1.0-2.jar;C:\Users\andre\.m2\repository\javax\activation\activation\1.1\activation-1.1.jar;C:\Users\andre\.m2\repository\com\itextpdf\itextpdf\5.5.6\itextpdf-5.5.6.jar;C:\Users\andre\.m2\repository\org\apache\directory\studio\org.apache.commons.io\2.4\org.apache.commons.io-2.4.jar;C:\Users\andre\.m2\repository\org\postgresql\postgresql\42.2.18\postgresql-42.2.18.jar;C:\Users\andre\.m2\repository\org\checkerframework\checker-qual\3.5.0\checker-qual-3.5.0.jar;C:\Users\andre\.m2\repository\javax\validation\validation-api\2.0.1.Final\validation-api-2.0.1.Final.jar;C:\Users\andre\.m2\repository\ch\qos\logback\logback-classic\1.2.3\logback-classic-1.2.3.jar;C:\Users\andre\.m2\repository\ch\qos\logback\logback-core\1.2.3\logback-core-1.2.3.jar;C:\Users\andre\.m2\repository\com\opencsv\opencsv\5.3\opencsv-5.3.jar;C:\Users\andre\.m2\repository\org\apache\commons\commons-lang3\3.10\commons-lang3-3.10.jar;C:\Users\andre\.m2\repository\org\apache\commons\commons-text\1.9\commons-text-1.9.jar;C:\Users\andre\.m2\repository\org\apache\commons\commons-collections4\4.4\commons-collections4-4.4.jar;C:\Users\andre\.m2\repository\commons-io\commons-io\2.6\commons-io-2.6.jar;C:\Users\andre\.m2\repository\net\lingala\zip4j\zip4j\2.7.0\zip4j-2.7.0.jar;C:\Users\andre\.m2\repository\com\sun\xml\bind\jaxb-core\2.3.0.1\jaxb-core-2.3.0.1.jar;C:\Users\andre\.m2\repository\com\sun\xml\bind\jaxb-impl\2.3.1\jaxb-impl-2.3.1.jar;C:\Users\andre\.m2\repository\org\javassist\javassist\3.25.0-GA\javassist-3.25.0-GA.jar;C:\Users\andre\.m2\repository\org\geotools\gt-coverage\26-SNAPSHOT\gt-coverage-26-SNAPSHOT.jar;C:\Users\andre\.m2\repository\org\geotools\gt-referencing\26-SNAPSHOT\gt-referencing-26-SNAPSHOT.jar;C:\Users\andre\.m2\repository\org\ejml\ejml-ddense\0.34\ejml-ddense-0.34.jar;C:\Users\andre\.m2\repository\org\ejml\ejml-core\0.34\ejml-core-0.34.jar;C:\Users\andre\.m2\repository\commons-pool\commons-pool\1.6\commons-pool-1.6.jar;C:\Users\andre\.m2\repository\org\geotools\gt-metadata\26-SNAPSHOT\gt-metadata-26-SNAPSHOT.jar;C:\Users\andre\.m2\repository\org\geotools\gt-opengis\26-SNAPSHOT\gt-opengis-26-SNAPSHOT.jar;C:\Users\andre\.m2\repository\systems\uom\systems-common\2.0.2\systems-common-2.0.2.jar;C:\Users\andre\.m2\repository\javax\measure\unit-api\2.0\unit-api-2.0.jar;C:\Users\andre\.m2\repository\tech\units\indriya\2.0.2\indriya-2.0.2.jar;C:\Users\andre\.m2\repository\tech\uom\lib\uom-lib-common\2.0\uom-lib-common-2.0.jar;C:\Users\andre\.m2\repository\si\uom\si-quantity\2.0.1\si-quantity-2.0.1.jar;C:\Users\andre\.m2\repository\si\uom\si-units\2.0.1\si-units-2.0.1.jar;C:\Users\andre\.m2\repository\org\geotools\ogc\net.opengis.ows\26-SNAPSHOT\net.opengis.ows-26-SNAPSHOT.jar;C:\Users\andre\.m2\repository\org\geotools\ogc\org.w3.xlink\26-SNAPSHOT\org.w3.xlink-26-SNAPSHOT.jar;C:\Users\andre\.m2\repository\org\eclipse\emf\org.eclipse.emf.common\2.15.0\org.eclipse.emf.common-2.15.0.jar;C:\Users\andre\.m2\repository\org\eclipse\emf\org.eclipse.emf.ecore\2.15.0\org.eclipse.emf.ecore-2.15.0.jar;C:\Users\andre\.m2\repository\org\eclipse\emf\org.eclipse.emf.ecore.xmi\2.15.0\org.eclipse.emf.ecore.xmi-2.15.0.jar;C:\Users\andre\.m2\repository\it\geosolutions\jgridshift\jgridshift-core\1.3\jgridshift-core-1.3.jar;C:\Users\andre\.m2\repository\net\sf\geographiclib\GeographicLib-Java\1.49\GeographicLib-Java-1.49.jar;C:\Users\andre\.m2\repository\org\geotools\gt-main\26-SNAPSHOT\gt-main-26-SNAPSHOT.jar;C:\Users\andre\.m2\repository\org\geotools\gt-http\26-SNAPSHOT\gt-http-26-SNAPSHOT.jar;C:\Users\andre\.m2\repository\com\fasterxml\jackson\core\jackson-core\2.11.0\jackson-core-2.11.0.jar;C:\Users\andre\.m2\repository\org\locationtech\jts\jts-core\1.18.2\jts-core-1.18.2.jar;C:\Users\andre\.m2\repository\javax\media\jai_imageio\1.1\jai_imageio-1.1.jar;C:\Users\andre\.m2\repository\it\geosolutions\imageio-ext\imageio-ext-tiff\1.3.13\imageio-ext-tiff-1.3.13.jar;C:\Users\andre\.m2\repository\it\geosolutions\imageio-ext\imageio-ext-utilities\1.3.13\imageio-ext-utilities-1.3.13.jar;C:\Users\andre\.m2\repository\it\geosolutions\imageio-ext\imageio-ext-geocore\1.3.13\imageio-ext-geocore-1.3.13.jar;C:\Users\andre\.m2\repository\it\geosolutions\imageio-ext\imageio-ext-streams\1.3.13\imageio-ext-streams-1.3.13.jar;C:\Users\andre\.m2\repository\javax\activation\javax.activation-api\1.2.0\javax.activation-api-1.2.0.jar;C:\Users\andre\.m2\repository\io\airlift\aircompressor\0.20\aircompressor-0.20.jar;C:\Users\andre\.m2\repository\javax\media\jai_codec\1.1.3\jai_codec-1.1.3.jar;C:\Users\andre\.m2\repository\org\jaitools\jt-zonalstats\1.6.0\jt-zonalstats-1.6.0.jar;C:\Users\andre\.m2\repository\org\jaitools\jt-utils\1.6.0\jt-utils-1.6.0.jar;C:\Users\andre\.m2\repository\it\geosolutions\jaiext\affine\jt-affine\1.1.23\jt-affine-1.1.23.jar;C:\Users\andre\.m2\repository\it\geosolutions\jaiext\algebra\jt-algebra\1.1.23\jt-algebra-1.1.23.jar;C:\Users\andre\.m2\repository\it\geosolutions\jaiext\bandmerge\jt-bandmerge\1.1.23\jt-bandmerge-1.1.23.jar;C:\Users\andre\.m2\repository\it\geosolutions\jaiext\bandselect\jt-bandselect\1.1.23\jt-bandselect-1.1.23.jar;C:\Users\andre\.m2\repository\it\geosolutions\jaiext\bandcombine\jt-bandcombine\1.1.23\jt-bandcombine-1.1.23.jar;C:\Users\andre\.m2\repository\it\geosolutions\jaiext\border\jt-border\1.1.23\jt-border-1.1.23.jar;C:\Users\andre\.m2\repository\it\geosolutions\jaiext\buffer\jt-buffer\1.1.23\jt-buffer-1.1.23.jar;C:\Users\andre\.m2\repository\it\geosolutions\jaiext\crop\jt-crop\1.1.23\jt-crop-1.1.23.jar;C:\Users\andre\.m2\repository\it\geosolutions\jaiext\iterators\jt-iterators\1.1.23\jt-iterators-1.1.23.jar;C:\Users\andre\.m2\repository\it\geosolutions\jaiext\lookup\jt-lookup\1.1.23\jt-lookup-1.1.23.jar;C:\Users\andre\.m2\repository\it\geosolutions\jaiext\mosaic\jt-mosaic\1.1.23\jt-mosaic-1.1.23.jar;C:\Users\andre\.m2\repository\it\geosolutions\jaiext\nullop\jt-nullop\1.1.23\jt-nullop-1.1.23.jar;C:\Users\andre\.m2\repository\it\geosolutions\jaiext\rescale\jt-rescale\1.1.23\jt-rescale-1.1.23.jar;C:\Users\andre\.m2\repository\it\geosolutions\jaiext\scale\jt-scale\1.1.23\jt-scale-1.1.23.jar;C:\Users\andre\.m2\repository\it\geosolutions\jaiext\scale2\jt-scale2\1.1.23\jt-scale2-1.1.23.jar;C:\Users\andre\.m2\repository\org\huldra\math\bigint\0.7.1\bigint-0.7.1.jar;C:\Users\andre\.m2\repository\it\geosolutions\jaiext\stats\jt-stats\1.1.23\jt-stats-1.1.23.jar;C:\Users\andre\.m2\repository\com\google\guava\guava\27.0-jre\guava-27.0-jre.jar;C:\Users\andre\.m2\repository\com\google\guava\failureaccess\1.0\failureaccess-1.0.jar;C:\Users\andre\.m2\repository\com\google\guava\listenablefuture\9999.0-empty-to-avoid-conflict-with-guava\listenablefuture-9999.0-empty-to-avoid-conflict-with-guava.jar;C:\Users\andre\.m2\repository\com\google\errorprone\error_prone_annotations\2.2.0\error_prone_annotations-2.2.0.jar;C:\Users\andre\.m2\repository\com\google\j2objc\j2objc-annotations\1.1\j2objc-annotations-1.1.jar;C:\Users\andre\.m2\repository\org\codehaus\mojo\animal-sniffer-annotations\1.17\animal-sniffer-annotations-1.17.jar;C:\Users\andre\.m2\repository\it\geosolutions\jaiext\translate\jt-translate\1.1.23\jt-translate-1.1.23.jar;C:\Users\andre\.m2\repository\it\geosolutions\jaiext\utilities\jt-utilities\1.1.23\jt-utilities-1.1.23.jar;C:\Users\andre\.m2\repository\it\geosolutions\jaiext\warp\jt-warp\1.1.23\jt-warp-1.1.23.jar;C:\Users\andre\.m2\repository\it\geosolutions\jaiext\zonal\jt-zonal\1.1.23\jt-zonal-1.1.23.jar;C:\Users\andre\.m2\repository\it\geosolutions\jaiext\binarize\jt-binarize\1.1.23\jt-binarize-1.1.23.jar;C:\Users\andre\.m2\repository\it\geosolutions\jaiext\format\jt-format\1.1.23\jt-format-1.1.23.jar;C:\Users\andre\.m2\repository\it\geosolutions\jaiext\colorconvert\jt-colorconvert\1.1.23\jt-colorconvert-1.1.23.jar;C:\Users\andre\.m2\repository\it\geosolutions\jaiext\errordiffusion\jt-errordiffusion\1.1.23\jt-errordiffusion-1.1.23.jar;C:\Users\andre\.m2\repository\it\geosolutions\jaiext\orderdither\jt-orderdither\1.1.23\jt-orderdither-1.1.23.jar;C:\Users\andre\.m2\repository\it\geosolutions\jaiext\colorindexer\jt-colorindexer\1.1.23\jt-colorindexer-1.1.23.jar;C:\Users\andre\.m2\repository\it\geosolutions\jaiext\imagefunction\jt-imagefunction\1.1.23\jt-imagefunction-1.1.23.jar;C:\Users\andre\.m2\repository\it\geosolutions\jaiext\piecewise\jt-piecewise\1.1.23\jt-piecewise-1.1.23.jar;C:\Users\andre\.m2\repository\it\geosolutions\jaiext\classifier\jt-classifier\1.1.23\jt-classifier-1.1.23.jar;C:\Users\andre\.m2\repository\it\geosolutions\jaiext\rlookup\jt-rlookup\1.1.23\jt-rlookup-1.1.23.jar;C:\Users\andre\.m2\repository\it\geosolutions\jaiext\vectorbin\jt-vectorbin\1.1.23\jt-vectorbin-1.1.23.jar;C:\Users\andre\.m2\repository\it\geosolutions\jaiext\shadedrelief\jt-shadedrelief\1.1.23\jt-shadedrelief-1.1.23.jar;C:\Users\andre\.m2\repository\javax\media\jai_core\1.1.3\jai_core-1.1.3.jar;C:\Users\andre\.m2\repository\org\geotools\gt-geotiff\26-SNAPSHOT\gt-geotiff-26-SNAPSHOT.jar;C:\Users\andre\.m2\repository\it\geosolutions\imageio-ext\imageio-ext-cog-reader\1.3.13\imageio-ext-cog-reader-1.3.13.jar;C:\Users\andre\.m2\repository\it\geosolutions\imageio-ext\imageio-ext-cog-commons\1.3.13\imageio-ext-cog-commons-1.3.13.jar;C:\Users\andre\.m2\repository\it\geosolutions\imageio-ext\imageio-ext-cog-streams\1.3.13\imageio-ext-cog-streams-1.3.13.jar;C:\Users\andre\.m2\repository\org\ehcache\ehcache\3.8.1\ehcache-3.8.1.jar;C:\Users\andre\.m2\repository\org\geotools\gt-image\26-SNAPSHOT\gt-image-26-SNAPSHOT.jar;C:\Users\andre\.m2\repository\org\geotools\gt-wms\26-SNAPSHOT\gt-wms-26-SNAPSHOT.jar;C:\Users\andre\.m2\repository\org\geotools\gt-xml\26-SNAPSHOT\gt-xml-26-SNAPSHOT.jar;C:\Users\andre\.m2\repository\org\apache\xml\xml-commons-resolver\1.2\xml-commons-resolver-1.2.jar;C:\Users\andre\.m2\repository\org\geotools\gt-render\26-SNAPSHOT\gt-render-26-SNAPSHOT.jar;C:\Users\andre\.m2\repository\org\geotools\gt-cql\26-SNAPSHOT\gt-cql-26-SNAPSHOT.jar;C:\Users\andre\.m2\repository\com\conversantmedia\disruptor\1.2.13\disruptor-1.2.13.jar;C:\Users\andre\.m2\repository\org\geotools\gt-shapefile\26-SNAPSHOT\gt-shapefile-26-SNAPSHOT.jar;C:\Users\andre\.m2\repository\org\geotools\gt-swing\26-SNAPSHOT\gt-swing-26-SNAPSHOT.jar;C:\Users\andre\.m2\repository\com\miglayout\miglayout\3.7\miglayout-3.7-swing.jar;C:\Users\andre\.m2\repository\org\geotools\gt-epsg-hsql\26-SNAPSHOT\gt-epsg-hsql-26-SNAPSHOT.jar;C:\Users\andre\.m2\repository\org\hsqldb\hsqldb\2.5.0\hsqldb-2.5.0.jar;C:\Users\andre\.m2\repository\com\querydsl\querydsl-apt\4.3.1\querydsl-apt-4.3.1.jar;C:\Users\andre\.m2\repository\com\querydsl\querydsl-codegen\4.3.1\querydsl-codegen-4.3.1.jar;C:\Users\andre\.m2\repository\com\mysema\codegen\codegen\0.6.8\codegen-0.6.8.jar;C:\Users\andre\.m2\repository\org\eclipse\jdt\core\compiler\ecj\4.3.1\ecj-4.3.1.jar;C:\Users\andre\.m2\repository\org\reflections\reflections\0.9.9\reflections-0.9.9.jar;C:\Users\andre\.m2\repository\com\google\code\findbugs\annotations\2.0.1\annotations-2.0.1.jar;C:\Users\andre\.m2\repository\com\querydsl\querydsl-jpa\4.3.1\querydsl-jpa-4.3.1.jar;C:\Users\andre\.m2\repository\com\querydsl\querydsl-core\4.3.1\querydsl-core-4.3.1.jar;C:\Users\andre\.m2\repository\com\google\code\findbugs\jsr305\1.3.9\jsr305-1.3.9.jar;C:\Users\andre\.m2\repository\com\mysema\commons\mysema-commons-lang\0.2.4\mysema-commons-lang-0.2.4.jar;C:\Users\andre\.m2\repository\com\infradna\tool\bridge-method-annotation\1.13\bridge-method-annotation-1.13.jar;C:\Users\andre\.m2\repository\javax\inject\javax.inject\1\javax.inject-1.jar;C:\Users\andre\.m2\repository\com\bedatadriven\jackson-datatype-jts\2.4\jackson-datatype-jts-2.4.jar;C:\Users\andre\.m2\repository\com\fasterxml\jackson\core\jackson-databind\2.11.0\jackson-databind-2.11.0.jar;C:\Users\andre\.m2\repository\com\fasterxml\jackson\core\jackson-annotations\2.11.0\jackson-annotations-2.11.0.jar;C:\Users\andre\.m2\repository\com\vividsolutions\jts\1.13\jts-1.13.jar;C:\Users\andre\.m2\repository\org\hibernate\hibernate-spatial\5.4.17.Final\hibernate-spatial-5.4.17.Final.jar;C:\Users\andre\.m2\repository\org\jboss\logging\jboss-logging\3.4.1.Final\jboss-logging-3.4.1.Final.jar;C:\Users\andre\.m2\repository\org\dom4j\dom4j\2.1.3\dom4j-2.1.3.jar;C:\Users\andre\.m2\repository\com\querydsl\querydsl-spatial\4.4.0\querydsl-spatial-4.4.0.jar;C:\Users\andre\.m2\repository\org\geolatte\geolatte-geom\1.8.0\geolatte-geom-1.8.0.jar;C:\Users\andre\.m2\repository\org\thymeleaf\thymeleaf\3.0.11.RELEASE\thymeleaf-3.0.11.RELEASE.jar;C:\Users\andre\.m2\repository\ognl\ognl\3.1.12\ognl-3.1.12.jar;C:\Users\andre\.m2\repository\org\attoparser\attoparser\2.0.5.RELEASE\attoparser-2.0.5.RELEASE.jar;C:\Users\andre\.m2\repository\org\unbescape\unbescape\1.1.6.RELEASE\unbescape-1.1.6.RELEASE.jar;C:\Users\andre\.m2\repository\org\springframework\boot\spring-boot-starter-thymeleaf\2.3.4.RELEASE\spring-boot-starter-thymeleaf-2.3.4.RELEASE.jar;C:\Users\andre\.m2\repository\org\thymeleaf\extras\thymeleaf-extras-java8time\3.0.4.RELEASE\thymeleaf-extras-java8time-3.0.4.RELEASE.jar;C:\Users\andre\.m2\repository\org\thymeleaf\thymeleaf-spring5\3.0.11.RELEASE\thymeleaf-spring5-3.0.11.RELEASE.jar;"/>
    <property name="java.vm.vendor" value="Oracle Corporation"/>
    <property name="sun.arch.data.model" value="64"/>
    <property name="user.variant" value=""/>
    <property name="java.vendor.url" value="https://java.oracle.com/"/>
    <property name="user.timezone" value="Europe/Rome"/>
    <property name="os.name" value="Windows 10"/>
    <property name="java.vm.specification.version" value="16"/>
    <property name="sun.java.launcher" value="SUN_STANDARD"/>
    <property name="user.country" value="IT"/>
    <property name="sun.boot.library.path" value="C:\Users\andre\.p2\pool\plugins\org.eclipse.justj.openjdk.hotspot.jre.full.win32.x86_64_16.0.2.v20210721-1149\jre\bin"/>
    <property name="sun.java.command" value="C:\Users\andre\AppData\Local\Temp\surefire2546334942920141513\surefirebooter15389128454466915195.jar C:\Users\andre\AppData\Local\Temp\surefire2546334942920141513 2022-06-16T12-17-25_000-jvmRun1 surefire11208186791495727366tmp surefire_09202426012201741268tmp"/>
    <property name="jdk.debug" value="release"/>
    <property name="surefire.test.class.path" value="C:\Users\andre\PortoDiRavenna\trunk\BE\prvREST\target\test-classes;C:\Users\andre\PortoDiRavenna\trunk\BE\prvREST\target\classes;C:\Users\andre\.m2\repository\org\springframework\boot\spring-boot-starter-web\2.3.4.RELEASE\spring-boot-starter-web-2.3.4.RELEASE.jar;C:\Users\andre\.m2\repository\org\springframework\boot\spring-boot-starter\2.3.4.RELEASE\spring-boot-starter-2.3.4.RELEASE.jar;C:\Users\andre\.m2\repository\jakarta\annotation\jakarta.annotation-api\1.3.5\jakarta.annotation-api-1.3.5.jar;C:\Users\andre\.m2\repository\org\yaml\snakeyaml\1.26\snakeyaml-1.26.jar;C:\Users\andre\.m2\repository\org\springframework\boot\spring-boot-starter-json\2.3.4.RELEASE\spring-boot-starter-json-2.3.4.RELEASE.jar;C:\Users\andre\.m2\repository\com\fasterxml\jackson\datatype\jackson-datatype-jdk8\2.11.0\jackson-datatype-jdk8-2.11.0.jar;C:\Users\andre\.m2\repository\com\fasterxml\jackson\datatype\jackson-datatype-jsr310\2.11.0\jackson-datatype-jsr310-2.11.0.jar;C:\Users\andre\.m2\repository\com\fasterxml\jackson\module\jackson-module-parameter-names\2.11.0\jackson-module-parameter-names-2.11.0.jar;C:\Users\andre\.m2\repository\org\springframework\boot\spring-boot-starter-tomcat\2.3.4.RELEASE\spring-boot-starter-tomcat-2.3.4.RELEASE.jar;C:\Users\andre\.m2\repository\org\apache\tomcat\embed\tomcat-embed-core\9.0.36\tomcat-embed-core-9.0.36.jar;C:\Users\andre\.m2\repository\org\apache\tomcat\embed\tomcat-embed-websocket\9.0.36\tomcat-embed-websocket-9.0.36.jar;C:\Users\andre\.m2\repository\org\springframework\spring-web\5.2.7.RELEASE\spring-web-5.2.7.RELEASE.jar;C:\Users\andre\.m2\repository\org\springframework\spring-webmvc\5.2.7.RELEASE\spring-webmvc-5.2.7.RELEASE.jar;C:\Users\andre\.m2\repository\org\springframework\spring-aop\5.2.7.RELEASE\spring-aop-5.2.7.RELEASE.jar;C:\Users\andre\.m2\repository\org\springframework\spring-expression\5.2.7.RELEASE\spring-expression-5.2.7.RELEASE.jar;C:\Users\andre\.m2\repository\org\springframework\boot\spring-boot-devtools\2.3.4.RELEASE\spring-boot-devtools-2.3.4.RELEASE.jar;C:\Users\andre\.m2\repository\org\springframework\boot\spring-boot\2.3.4.RELEASE\spring-boot-2.3.4.RELEASE.jar;C:\Users\andre\.m2\repository\org\springframework\boot\spring-boot-autoconfigure\2.3.4.RELEASE\spring-boot-autoconfigure-2.3.4.RELEASE.jar;C:\Users\andre\.m2\repository\org\springframework\boot\spring-boot-starter-freemarker\2.3.4.RELEASE\spring-boot-starter-freemarker-2.3.4.RELEASE.jar;C:\Users\andre\.m2\repository\org\freemarker\freemarker\2.3.30\freemarker-2.3.30.jar;C:\Users\andre\.m2\repository\org\springframework\spring-context-support\5.2.7.RELEASE\spring-context-support-5.2.7.RELEASE.jar;C:\Users\andre\.m2\repository\org\springframework\boot\spring-boot-starter-data-jpa\2.3.4.RELEASE\spring-boot-starter-data-jpa-2.3.4.RELEASE.jar;C:\Users\andre\.m2\repository\org\springframework\boot\spring-boot-starter-aop\2.3.4.RELEASE\spring-boot-starter-aop-2.3.4.RELEASE.jar;C:\Users\andre\.m2\repository\org\aspectj\aspectjweaver\1.9.5\aspectjweaver-1.9.5.jar;C:\Users\andre\.m2\repository\org\springframework\boot\spring-boot-starter-jdbc\2.3.4.RELEASE\spring-boot-starter-jdbc-2.3.4.RELEASE.jar;C:\Users\andre\.m2\repository\com\zaxxer\HikariCP\3.4.5\HikariCP-3.4.5.jar;C:\Users\andre\.m2\repository\org\springframework\spring-jdbc\5.2.7.RELEASE\spring-jdbc-5.2.7.RELEASE.jar;C:\Users\andre\.m2\repository\jakarta\transaction\jakarta.transaction-api\1.3.3\jakarta.transaction-api-1.3.3.jar;C:\Users\andre\.m2\repository\jakarta\persistence\jakarta.persistence-api\2.2.3\jakarta.persistence-api-2.2.3.jar;C:\Users\andre\.m2\repository\org\hibernate\hibernate-core\5.4.17.Final\hibernate-core-5.4.17.Final.jar;C:\Users\andre\.m2\repository\net\bytebuddy\byte-buddy\1.10.11\byte-buddy-1.10.11.jar;C:\Users\andre\.m2\repository\antlr\antlr\2.7.7\antlr-2.7.7.jar;C:\Users\andre\.m2\repository\org\jboss\jandex\2.1.3.Final\jandex-2.1.3.Final.jar;C:\Users\andre\.m2\repository\com\fasterxml\classmate\1.5.1\classmate-1.5.1.jar;C:\Users\andre\.m2\repository\org\hibernate\common\hibernate-commons-annotations\5.1.0.Final\hibernate-commons-annotations-5.1.0.Final.jar;C:\Users\andre\.m2\repository\org\glassfish\jaxb\jaxb-runtime\2.3.3\jaxb-runtime-2.3.3.jar;C:\Users\andre\.m2\repository\org\glassfish\jaxb\txw2\2.3.3\txw2-2.3.3.jar;C:\Users\andre\.m2\repository\com\sun\istack\istack-commons-runtime\3.0.11\istack-commons-runtime-3.0.11.jar;C:\Users\andre\.m2\repository\org\springframework\data\spring-data-jpa\2.3.1.RELEASE\spring-data-jpa-2.3.1.RELEASE.jar;C:\Users\andre\.m2\repository\org\springframework\data\spring-data-commons\2.3.1.RELEASE\spring-data-commons-2.3.1.RELEASE.jar;C:\Users\andre\.m2\repository\org\springframework\spring-orm\5.2.7.RELEASE\spring-orm-5.2.7.RELEASE.jar;C:\Users\andre\.m2\repository\org\springframework\spring-tx\5.2.7.RELEASE\spring-tx-5.2.7.RELEASE.jar;C:\Users\andre\.m2\repository\org\springframework\spring-aspects\5.2.7.RELEASE\spring-aspects-5.2.7.RELEASE.jar;C:\Users\andre\.m2\repository\org\springframework\boot\spring-boot-starter-mail\2.3.4.RELEASE\spring-boot-starter-mail-2.3.4.RELEASE.jar;C:\Users\andre\.m2\repository\com\sun\mail\jakarta.mail\1.6.5\jakarta.mail-1.6.5.jar;C:\Users\andre\.m2\repository\com\sun\activation\jakarta.activation\1.2.2\jakarta.activation-1.2.2.jar;C:\Users\andre\.m2\repository\org\springframework\boot\spring-boot-starter-validation\2.3.4.RELEASE\spring-boot-starter-validation-2.3.4.RELEASE.jar;C:\Users\andre\.m2\repository\org\glassfish\jakarta.el\3.0.3\jakarta.el-3.0.3.jar;C:\Users\andre\.m2\repository\org\hibernate\validator\hibernate-validator\6.1.5.Final\hibernate-validator-6.1.5.Final.jar;C:\Users\andre\.m2\repository\jakarta\validation\jakarta.validation-api\2.0.2\jakarta.validation-api-2.0.2.jar;C:\Users\andre\.m2\repository\org\springframework\security\oauth\spring-security-oauth2\2.2.6.RELEASE\spring-security-oauth2-2.2.6.RELEASE.jar;C:\Users\andre\.m2\repository\org\springframework\spring-beans\5.2.7.RELEASE\spring-beans-5.2.7.RELEASE.jar;C:\Users\andre\.m2\repository\org\springframework\spring-core\5.2.7.RELEASE\spring-core-5.2.7.RELEASE.jar;C:\Users\andre\.m2\repository\org\springframework\spring-jcl\5.2.7.RELEASE\spring-jcl-5.2.7.RELEASE.jar;C:\Users\andre\.m2\repository\org\springframework\spring-context\5.2.7.RELEASE\spring-context-5.2.7.RELEASE.jar;C:\Users\andre\.m2\repository\org\springframework\security\spring-security-core\5.3.3.RELEASE\spring-security-core-5.3.3.RELEASE.jar;C:\Users\andre\.m2\repository\org\springframework\security\spring-security-config\5.3.3.RELEASE\spring-security-config-5.3.3.RELEASE.jar;C:\Users\andre\.m2\repository\org\springframework\security\spring-security-web\5.3.3.RELEASE\spring-security-web-5.3.3.RELEASE.jar;C:\Users\andre\.m2\repository\commons-codec\commons-codec\1.14\commons-codec-1.14.jar;C:\Users\andre\.m2\repository\org\codehaus\jackson\jackson-mapper-asl\1.9.13\jackson-mapper-asl-1.9.13.jar;C:\Users\andre\.m2\repository\org\codehaus\jackson\jackson-core-asl\1.9.13\jackson-core-asl-1.9.13.jar;C:\Users\andre\.m2\repository\org\springframework\security\spring-security-jwt\1.0.9.RELEASE\spring-security-jwt-1.0.9.RELEASE.jar;C:\Users\andre\.m2\repository\org\bouncycastle\bcpkix-jdk15on\1.56\bcpkix-jdk15on-1.56.jar;C:\Users\andre\.m2\repository\org\bouncycastle\bcprov-jdk15on\1.56\bcprov-jdk15on-1.56.jar;C:\Users\andre\.m2\repository\commons-beanutils\commons-beanutils\1.9.4\commons-beanutils-1.9.4.jar;C:\Users\andre\.m2\repository\commons-logging\commons-logging\1.2\commons-logging-1.2.jar;C:\Users\andre\.m2\repository\commons-collections\commons-collections\3.2.2\commons-collections-3.2.2.jar;C:\Users\andre\.m2\repository\org\springframework\boot\spring-boot-starter-actuator\2.3.4.RELEASE\spring-boot-starter-actuator-2.3.4.RELEASE.jar;C:\Users\andre\.m2\repository\org\springframework\boot\spring-boot-actuator-autoconfigure\2.3.4.RELEASE\spring-boot-actuator-autoconfigure-2.3.4.RELEASE.jar;C:\Users\andre\.m2\repository\org\springframework\boot\spring-boot-actuator\2.3.4.RELEASE\spring-boot-actuator-2.3.4.RELEASE.jar;C:\Users\andre\.m2\repository\io\micrometer\micrometer-core\1.5.1\micrometer-core-1.5.1.jar;C:\Users\andre\.m2\repository\org\hdrhistogram\HdrHistogram\2.1.12\HdrHistogram-2.1.12.jar;C:\Users\andre\.m2\repository\org\latencyutils\LatencyUtils\2.0.3\LatencyUtils-2.0.3.jar;C:\Users\andre\.m2\repository\org\springframework\boot\spring-boot-starter-test\2.3.4.RELEASE\spring-boot-starter-test-2.3.4.RELEASE.jar;C:\Users\andre\.m2\repository\org\springframework\boot\spring-boot-test\2.3.4.RELEASE\spring-boot-test-2.3.4.RELEASE.jar;C:\Users\andre\.m2\repository\org\springframework\boot\spring-boot-test-autoconfigure\2.3.4.RELEASE\spring-boot-test-autoconfigure-2.3.4.RELEASE.jar;C:\Users\andre\.m2\repository\jakarta\xml\bind\jakarta.xml.bind-api\2.3.3\jakarta.xml.bind-api-2.3.3.jar;C:\Users\andre\.m2\repository\jakarta\activation\jakarta.activation-api\1.2.2\jakarta.activation-api-1.2.2.jar;C:\Users\andre\.m2\repository\org\assertj\assertj-core\3.16.1\assertj-core-3.16.1.jar;C:\Users\andre\.m2\repository\org\hamcrest\hamcrest\2.2\hamcrest-2.2.jar;C:\Users\andre\.m2\repository\org\junit\jupiter\junit-jupiter\5.6.2\junit-jupiter-5.6.2.jar;C:\Users\andre\.m2\repository\org\junit\jupiter\junit-jupiter-api\5.6.2\junit-jupiter-api-5.6.2.jar;C:\Users\andre\.m2\repository\org\opentest4j\opentest4j\1.2.0\opentest4j-1.2.0.jar;C:\Users\andre\.m2\repository\org\junit\platform\junit-platform-commons\1.6.2\junit-platform-commons-1.6.2.jar;C:\Users\andre\.m2\repository\org\junit\jupiter\junit-jupiter-params\5.6.2\junit-jupiter-params-5.6.2.jar;C:\Users\andre\.m2\repository\org\junit\jupiter\junit-jupiter-engine\5.6.2\junit-jupiter-engine-5.6.2.jar;C:\Users\andre\.m2\repository\org\junit\vintage\junit-vintage-engine\5.6.2\junit-vintage-engine-5.6.2.jar;C:\Users\andre\.m2\repository\org\apiguardian\apiguardian-api\1.1.0\apiguardian-api-1.1.0.jar;C:\Users\andre\.m2\repository\org\junit\platform\junit-platform-engine\1.6.2\junit-platform-engine-1.6.2.jar;C:\Users\andre\.m2\repository\junit\junit\4.13\junit-4.13.jar;C:\Users\andre\.m2\repository\org\mockito\mockito-core\3.3.3\mockito-core-3.3.3.jar;C:\Users\andre\.m2\repository\net\bytebuddy\byte-buddy-agent\1.10.11\byte-buddy-agent-1.10.11.jar;C:\Users\andre\.m2\repository\org\objenesis\objenesis\2.6\objenesis-2.6.jar;C:\Users\andre\.m2\repository\org\mockito\mockito-junit-jupiter\3.3.3\mockito-junit-jupiter-3.3.3.jar;C:\Users\andre\.m2\repository\org\skyscreamer\jsonassert\1.5.0\jsonassert-1.5.0.jar;C:\Users\andre\.m2\repository\com\vaadin\external\google\android-json\0.0.20131108.vaadin1\android-json-0.0.20131108.vaadin1.jar;C:\Users\andre\.m2\repository\org\springframework\spring-test\5.2.7.RELEASE\spring-test-5.2.7.RELEASE.jar;C:\Users\andre\.m2\repository\org\xmlunit\xmlunit-core\2.7.0\xmlunit-core-2.7.0.jar;C:\Users\andre\.m2\repository\com\jayway\jsonpath\json-path\2.4.0\json-path-2.4.0.jar;C:\Users\andre\.m2\repository\net\minidev\json-smart\2.3\json-smart-2.3.jar;C:\Users\andre\.m2\repository\net\minidev\accessors-smart\1.2\accessors-smart-1.2.jar;C:\Users\andre\.m2\repository\org\ow2\asm\asm\5.0.4\asm-5.0.4.jar;C:\Users\andre\.m2\repository\org\slf4j\slf4j-api\1.7.30\slf4j-api-1.7.30.jar;C:\Users\andre\.m2\repository\org\springframework\security\spring-security-test\5.3.3.RELEASE\spring-security-test-5.3.3.RELEASE.jar;C:\Users\andre\.m2\repository\org\apache\poi\poi-ooxml\3.15\poi-ooxml-3.15.jar;C:\Users\andre\.m2\repository\org\apache\poi\poi\3.15\poi-3.15.jar;C:\Users\andre\.m2\repository\org\apache\poi\poi-ooxml-schemas\3.15\poi-ooxml-schemas-3.15.jar;C:\Users\andre\.m2\repository\org\apache\xmlbeans\xmlbeans\2.6.0\xmlbeans-2.6.0.jar;C:\Users\andre\.m2\repository\stax\stax-api\1.0.1\stax-api-1.0.1.jar;C:\Users\andre\.m2\repository\com\github\virtuald\curvesapi\1.04\curvesapi-1.04.jar;C:\Users\andre\.m2\repository\org\json\json\20190722\json-20190722.jar;C:\Users\andre\.m2\repository\javax\xml\bind\jaxb-api\2.1\jaxb-api-2.1.jar;C:\Users\andre\.m2\repository\javax\xml\stream\stax-api\1.0-2\stax-api-1.0-2.jar;C:\Users\andre\.m2\repository\javax\activation\activation\1.1\activation-1.1.jar;C:\Users\andre\.m2\repository\com\itextpdf\itextpdf\5.5.6\itextpdf-5.5.6.jar;C:\Users\andre\.m2\repository\org\apache\directory\studio\org.apache.commons.io\2.4\org.apache.commons.io-2.4.jar;C:\Users\andre\.m2\repository\org\postgresql\postgresql\42.2.18\postgresql-42.2.18.jar;C:\Users\andre\.m2\repository\org\checkerframework\checker-qual\3.5.0\checker-qual-3.5.0.jar;C:\Users\andre\.m2\repository\javax\validation\validation-api\2.0.1.Final\validation-api-2.0.1.Final.jar;C:\Users\andre\.m2\repository\ch\qos\logback\logback-classic\1.2.3\logback-classic-1.2.3.jar;C:\Users\andre\.m2\repository\ch\qos\logback\logback-core\1.2.3\logback-core-1.2.3.jar;C:\Users\andre\.m2\repository\com\opencsv\opencsv\5.3\opencsv-5.3.jar;C:\Users\andre\.m2\repository\org\apache\commons\commons-lang3\3.10\commons-lang3-3.10.jar;C:\Users\andre\.m2\repository\org\apache\commons\commons-text\1.9\commons-text-1.9.jar;C:\Users\andre\.m2\repository\org\apache\commons\commons-collections4\4.4\commons-collections4-4.4.jar;C:\Users\andre\.m2\repository\commons-io\commons-io\2.6\commons-io-2.6.jar;C:\Users\andre\.m2\repository\net\lingala\zip4j\zip4j\2.7.0\zip4j-2.7.0.jar;C:\Users\andre\.m2\repository\com\sun\xml\bind\jaxb-core\2.3.0.1\jaxb-core-2.3.0.1.jar;C:\Users\andre\.m2\repository\com\sun\xml\bind\jaxb-impl\2.3.1\jaxb-impl-2.3.1.jar;C:\Users\andre\.m2\repository\org\javassist\javassist\3.25.0-GA\javassist-3.25.0-GA.jar;C:\Users\andre\.m2\repository\org\geotools\gt-coverage\26-SNAPSHOT\gt-coverage-26-SNAPSHOT.jar;C:\Users\andre\.m2\repository\org\geotools\gt-referencing\26-SNAPSHOT\gt-referencing-26-SNAPSHOT.jar;C:\Users\andre\.m2\repository\org\ejml\ejml-ddense\0.34\ejml-ddense-0.34.jar;C:\Users\andre\.m2\repository\org\ejml\ejml-core\0.34\ejml-core-0.34.jar;C:\Users\andre\.m2\repository\commons-pool\commons-pool\1.6\commons-pool-1.6.jar;C:\Users\andre\.m2\repository\org\geotools\gt-metadata\26-SNAPSHOT\gt-metadata-26-SNAPSHOT.jar;C:\Users\andre\.m2\repository\org\geotools\gt-opengis\26-SNAPSHOT\gt-opengis-26-SNAPSHOT.jar;C:\Users\andre\.m2\repository\systems\uom\systems-common\2.0.2\systems-common-2.0.2.jar;C:\Users\andre\.m2\repository\javax\measure\unit-api\2.0\unit-api-2.0.jar;C:\Users\andre\.m2\repository\tech\units\indriya\2.0.2\indriya-2.0.2.jar;C:\Users\andre\.m2\repository\tech\uom\lib\uom-lib-common\2.0\uom-lib-common-2.0.jar;C:\Users\andre\.m2\repository\si\uom\si-quantity\2.0.1\si-quantity-2.0.1.jar;C:\Users\andre\.m2\repository\si\uom\si-units\2.0.1\si-units-2.0.1.jar;C:\Users\andre\.m2\repository\org\geotools\ogc\net.opengis.ows\26-SNAPSHOT\net.opengis.ows-26-SNAPSHOT.jar;C:\Users\andre\.m2\repository\org\geotools\ogc\org.w3.xlink\26-SNAPSHOT\org.w3.xlink-26-SNAPSHOT.jar;C:\Users\andre\.m2\repository\org\eclipse\emf\org.eclipse.emf.common\2.15.0\org.eclipse.emf.common-2.15.0.jar;C:\Users\andre\.m2\repository\org\eclipse\emf\org.eclipse.emf.ecore\2.15.0\org.eclipse.emf.ecore-2.15.0.jar;C:\Users\andre\.m2\repository\org\eclipse\emf\org.eclipse.emf.ecore.xmi\2.15.0\org.eclipse.emf.ecore.xmi-2.15.0.jar;C:\Users\andre\.m2\repository\it\geosolutions\jgridshift\jgridshift-core\1.3\jgridshift-core-1.3.jar;C:\Users\andre\.m2\repository\net\sf\geographiclib\GeographicLib-Java\1.49\GeographicLib-Java-1.49.jar;C:\Users\andre\.m2\repository\org\geotools\gt-main\26-SNAPSHOT\gt-main-26-SNAPSHOT.jar;C:\Users\andre\.m2\repository\org\geotools\gt-http\26-SNAPSHOT\gt-http-26-SNAPSHOT.jar;C:\Users\andre\.m2\repository\com\fasterxml\jackson\core\jackson-core\2.11.0\jackson-core-2.11.0.jar;C:\Users\andre\.m2\repository\org\locationtech\jts\jts-core\1.18.2\jts-core-1.18.2.jar;C:\Users\andre\.m2\repository\javax\media\jai_imageio\1.1\jai_imageio-1.1.jar;C:\Users\andre\.m2\repository\it\geosolutions\imageio-ext\imageio-ext-tiff\1.3.13\imageio-ext-tiff-1.3.13.jar;C:\Users\andre\.m2\repository\it\geosolutions\imageio-ext\imageio-ext-utilities\1.3.13\imageio-ext-utilities-1.3.13.jar;C:\Users\andre\.m2\repository\it\geosolutions\imageio-ext\imageio-ext-geocore\1.3.13\imageio-ext-geocore-1.3.13.jar;C:\Users\andre\.m2\repository\it\geosolutions\imageio-ext\imageio-ext-streams\1.3.13\imageio-ext-streams-1.3.13.jar;C:\Users\andre\.m2\repository\javax\activation\javax.activation-api\1.2.0\javax.activation-api-1.2.0.jar;C:\Users\andre\.m2\repository\io\airlift\aircompressor\0.20\aircompressor-0.20.jar;C:\Users\andre\.m2\repository\javax\media\jai_codec\1.1.3\jai_codec-1.1.3.jar;C:\Users\andre\.m2\repository\org\jaitools\jt-zonalstats\1.6.0\jt-zonalstats-1.6.0.jar;C:\Users\andre\.m2\repository\org\jaitools\jt-utils\1.6.0\jt-utils-1.6.0.jar;C:\Users\andre\.m2\repository\it\geosolutions\jaiext\affine\jt-affine\1.1.23\jt-affine-1.1.23.jar;C:\Users\andre\.m2\repository\it\geosolutions\jaiext\algebra\jt-algebra\1.1.23\jt-algebra-1.1.23.jar;C:\Users\andre\.m2\repository\it\geosolutions\jaiext\bandmerge\jt-bandmerge\1.1.23\jt-bandmerge-1.1.23.jar;C:\Users\andre\.m2\repository\it\geosolutions\jaiext\bandselect\jt-bandselect\1.1.23\jt-bandselect-1.1.23.jar;C:\Users\andre\.m2\repository\it\geosolutions\jaiext\bandcombine\jt-bandcombine\1.1.23\jt-bandcombine-1.1.23.jar;C:\Users\andre\.m2\repository\it\geosolutions\jaiext\border\jt-border\1.1.23\jt-border-1.1.23.jar;C:\Users\andre\.m2\repository\it\geosolutions\jaiext\buffer\jt-buffer\1.1.23\jt-buffer-1.1.23.jar;C:\Users\andre\.m2\repository\it\geosolutions\jaiext\crop\jt-crop\1.1.23\jt-crop-1.1.23.jar;C:\Users\andre\.m2\repository\it\geosolutions\jaiext\iterators\jt-iterators\1.1.23\jt-iterators-1.1.23.jar;C:\Users\andre\.m2\repository\it\geosolutions\jaiext\lookup\jt-lookup\1.1.23\jt-lookup-1.1.23.jar;C:\Users\andre\.m2\repository\it\geosolutions\jaiext\mosaic\jt-mosaic\1.1.23\jt-mosaic-1.1.23.jar;C:\Users\andre\.m2\repository\it\geosolutions\jaiext\nullop\jt-nullop\1.1.23\jt-nullop-1.1.23.jar;C:\Users\andre\.m2\repository\it\geosolutions\jaiext\rescale\jt-rescale\1.1.23\jt-rescale-1.1.23.jar;C:\Users\andre\.m2\repository\it\geosolutions\jaiext\scale\jt-scale\1.1.23\jt-scale-1.1.23.jar;C:\Users\andre\.m2\repository\it\geosolutions\jaiext\scale2\jt-scale2\1.1.23\jt-scale2-1.1.23.jar;C:\Users\andre\.m2\repository\org\huldra\math\bigint\0.7.1\bigint-0.7.1.jar;C:\Users\andre\.m2\repository\it\geosolutions\jaiext\stats\jt-stats\1.1.23\jt-stats-1.1.23.jar;C:\Users\andre\.m2\repository\com\google\guava\guava\27.0-jre\guava-27.0-jre.jar;C:\Users\andre\.m2\repository\com\google\guava\failureaccess\1.0\failureaccess-1.0.jar;C:\Users\andre\.m2\repository\com\google\guava\listenablefuture\9999.0-empty-to-avoid-conflict-with-guava\listenablefuture-9999.0-empty-to-avoid-conflict-with-guava.jar;C:\Users\andre\.m2\repository\com\google\errorprone\error_prone_annotations\2.2.0\error_prone_annotations-2.2.0.jar;C:\Users\andre\.m2\repository\com\google\j2objc\j2objc-annotations\1.1\j2objc-annotations-1.1.jar;C:\Users\andre\.m2\repository\org\codehaus\mojo\animal-sniffer-annotations\1.17\animal-sniffer-annotations-1.17.jar;C:\Users\andre\.m2\repository\it\geosolutions\jaiext\translate\jt-translate\1.1.23\jt-translate-1.1.23.jar;C:\Users\andre\.m2\repository\it\geosolutions\jaiext\utilities\jt-utilities\1.1.23\jt-utilities-1.1.23.jar;C:\Users\andre\.m2\repository\it\geosolutions\jaiext\warp\jt-warp\1.1.23\jt-warp-1.1.23.jar;C:\Users\andre\.m2\repository\it\geosolutions\jaiext\zonal\jt-zonal\1.1.23\jt-zonal-1.1.23.jar;C:\Users\andre\.m2\repository\it\geosolutions\jaiext\binarize\jt-binarize\1.1.23\jt-binarize-1.1.23.jar;C:\Users\andre\.m2\repository\it\geosolutions\jaiext\format\jt-format\1.1.23\jt-format-1.1.23.jar;C:\Users\andre\.m2\repository\it\geosolutions\jaiext\colorconvert\jt-colorconvert\1.1.23\jt-colorconvert-1.1.23.jar;C:\Users\andre\.m2\repository\it\geosolutions\jaiext\errordiffusion\jt-errordiffusion\1.1.23\jt-errordiffusion-1.1.23.jar;C:\Users\andre\.m2\repository\it\geosolutions\jaiext\orderdither\jt-orderdither\1.1.23\jt-orderdither-1.1.23.jar;C:\Users\andre\.m2\repository\it\geosolutions\jaiext\colorindexer\jt-colorindexer\1.1.23\jt-colorindexer-1.1.23.jar;C:\Users\andre\.m2\repository\it\geosolutions\jaiext\imagefunction\jt-imagefunction\1.1.23\jt-imagefunction-1.1.23.jar;C:\Users\andre\.m2\repository\it\geosolutions\jaiext\piecewise\jt-piecewise\1.1.23\jt-piecewise-1.1.23.jar;C:\Users\andre\.m2\repository\it\geosolutions\jaiext\classifier\jt-classifier\1.1.23\jt-classifier-1.1.23.jar;C:\Users\andre\.m2\repository\it\geosolutions\jaiext\rlookup\jt-rlookup\1.1.23\jt-rlookup-1.1.23.jar;C:\Users\andre\.m2\repository\it\geosolutions\jaiext\vectorbin\jt-vectorbin\1.1.23\jt-vectorbin-1.1.23.jar;C:\Users\andre\.m2\repository\it\geosolutions\jaiext\shadedrelief\jt-shadedrelief\1.1.23\jt-shadedrelief-1.1.23.jar;C:\Users\andre\.m2\repository\javax\media\jai_core\1.1.3\jai_core-1.1.3.jar;C:\Users\andre\.m2\repository\org\geotools\gt-geotiff\26-SNAPSHOT\gt-geotiff-26-SNAPSHOT.jar;C:\Users\andre\.m2\repository\it\geosolutions\imageio-ext\imageio-ext-cog-reader\1.3.13\imageio-ext-cog-reader-1.3.13.jar;C:\Users\andre\.m2\repository\it\geosolutions\imageio-ext\imageio-ext-cog-commons\1.3.13\imageio-ext-cog-commons-1.3.13.jar;C:\Users\andre\.m2\repository\it\geosolutions\imageio-ext\imageio-ext-cog-streams\1.3.13\imageio-ext-cog-streams-1.3.13.jar;C:\Users\andre\.m2\repository\org\ehcache\ehcache\3.8.1\ehcache-3.8.1.jar;C:\Users\andre\.m2\repository\org\geotools\gt-image\26-SNAPSHOT\gt-image-26-SNAPSHOT.jar;C:\Users\andre\.m2\repository\org\geotools\gt-wms\26-SNAPSHOT\gt-wms-26-SNAPSHOT.jar;C:\Users\andre\.m2\repository\org\geotools\gt-xml\26-SNAPSHOT\gt-xml-26-SNAPSHOT.jar;C:\Users\andre\.m2\repository\org\apache\xml\xml-commons-resolver\1.2\xml-commons-resolver-1.2.jar;C:\Users\andre\.m2\repository\org\geotools\gt-render\26-SNAPSHOT\gt-render-26-SNAPSHOT.jar;C:\Users\andre\.m2\repository\org\geotools\gt-cql\26-SNAPSHOT\gt-cql-26-SNAPSHOT.jar;C:\Users\andre\.m2\repository\com\conversantmedia\disruptor\1.2.13\disruptor-1.2.13.jar;C:\Users\andre\.m2\repository\org\geotools\gt-shapefile\26-SNAPSHOT\gt-shapefile-26-SNAPSHOT.jar;C:\Users\andre\.m2\repository\org\geotools\gt-swing\26-SNAPSHOT\gt-swing-26-SNAPSHOT.jar;C:\Users\andre\.m2\repository\com\miglayout\miglayout\3.7\miglayout-3.7-swing.jar;C:\Users\andre\.m2\repository\org\geotools\gt-epsg-hsql\26-SNAPSHOT\gt-epsg-hsql-26-SNAPSHOT.jar;C:\Users\andre\.m2\repository\org\hsqldb\hsqldb\2.5.0\hsqldb-2.5.0.jar;C:\Users\andre\.m2\repository\com\querydsl\querydsl-apt\4.3.1\querydsl-apt-4.3.1.jar;C:\Users\andre\.m2\repository\com\querydsl\querydsl-codegen\4.3.1\querydsl-codegen-4.3.1.jar;C:\Users\andre\.m2\repository\com\mysema\codegen\codegen\0.6.8\codegen-0.6.8.jar;C:\Users\andre\.m2\repository\org\eclipse\jdt\core\compiler\ecj\4.3.1\ecj-4.3.1.jar;C:\Users\andre\.m2\repository\org\reflections\reflections\0.9.9\reflections-0.9.9.jar;C:\Users\andre\.m2\repository\com\google\code\findbugs\annotations\2.0.1\annotations-2.0.1.jar;C:\Users\andre\.m2\repository\com\querydsl\querydsl-jpa\4.3.1\querydsl-jpa-4.3.1.jar;C:\Users\andre\.m2\repository\com\querydsl\querydsl-core\4.3.1\querydsl-core-4.3.1.jar;C:\Users\andre\.m2\repository\com\google\code\findbugs\jsr305\1.3.9\jsr305-1.3.9.jar;C:\Users\andre\.m2\repository\com\mysema\commons\mysema-commons-lang\0.2.4\mysema-commons-lang-0.2.4.jar;C:\Users\andre\.m2\repository\com\infradna\tool\bridge-method-annotation\1.13\bridge-method-annotation-1.13.jar;C:\Users\andre\.m2\repository\javax\inject\javax.inject\1\javax.inject-1.jar;C:\Users\andre\.m2\repository\com\bedatadriven\jackson-datatype-jts\2.4\jackson-datatype-jts-2.4.jar;C:\Users\andre\.m2\repository\com\fasterxml\jackson\core\jackson-databind\2.11.0\jackson-databind-2.11.0.jar;C:\Users\andre\.m2\repository\com\fasterxml\jackson\core\jackson-annotations\2.11.0\jackson-annotations-2.11.0.jar;C:\Users\andre\.m2\repository\com\vividsolutions\jts\1.13\jts-1.13.jar;C:\Users\andre\.m2\repository\org\hibernate\hibernate-spatial\5.4.17.Final\hibernate-spatial-5.4.17.Final.jar;C:\Users\andre\.m2\repository\org\jboss\logging\jboss-logging\3.4.1.Final\jboss-logging-3.4.1.Final.jar;C:\Users\andre\.m2\repository\org\dom4j\dom4j\2.1.3\dom4j-2.1.3.jar;C:\Users\andre\.m2\repository\com\querydsl\querydsl-spatial\4.4.0\querydsl-spatial-4.4.0.jar;C:\Users\andre\.m2\repository\org\geolatte\geolatte-geom\1.8.0\geolatte-geom-1.8.0.jar;C:\Users\andre\.m2\repository\org\thymeleaf\thymeleaf\3.0.11.RELEASE\thymeleaf-3.0.11.RELEASE.jar;C:\Users\andre\.m2\repository\ognl\ognl\3.1.12\ognl-3.1.12.jar;C:\Users\andre\.m2\repository\org\attoparser\attoparser\2.0.5.RELEASE\attoparser-2.0.5.RELEASE.jar;C:\Users\andre\.m2\repository\org\unbescape\unbescape\1.1.6.RELEASE\unbescape-1.1.6.RELEASE.jar;C:\Users\andre\.m2\repository\org\springframework\boot\spring-boot-starter-thymeleaf\2.3.4.RELEASE\spring-boot-starter-thymeleaf-2.3.4.RELEASE.jar;C:\Users\andre\.m2\repository\org\thymeleaf\extras\thymeleaf-extras-java8time\3.0.4.RELEASE\thymeleaf-extras-java8time-3.0.4.RELEASE.jar;C:\Users\andre\.m2\repository\org\thymeleaf\thymeleaf-spring5\3.0.11.RELEASE\thymeleaf-spring5-3.0.11.RELEASE.jar;"/>
    <property name="sun.cpu.endian" value="little"/>
    <property name="user.home" value="C:\Users\andre"/>
    <property name="user.language" value="it"/>
    <property name="java.specification.vendor" value="Oracle Corporation"/>
    <property name="java.version.date" value="2021-07-20"/>
    <property name="java.home" value="C:\Users\andre\.p2\pool\plugins\org.eclipse.justj.openjdk.hotspot.jre.full.win32.x86_64_16.0.2.v20210721-1149\jre"/>
    <property name="file.separator" value="\"/>
    <property name="basedir" value="C:\Users\andre\PortoDiRavenna\trunk\BE\prvREST"/>
    <property name="java.vm.compressedOopsMode" value="32-bit"/>
    <property name="line.separator" value="&#10;"/>
    <property name="java.vm.specification.vendor" value="Oracle Corporation"/>
    <property name="java.specification.name" value="Java Platform API Specification"/>
    <property name="surefire.real.class.path" value="C:\Users\andre\AppData\Local\Temp\surefire2546334942920141513\surefirebooter15389128454466915195.jar"/>
    <property name="user.script" value=""/>
    <property name="sun.management.compiler" value="HotSpot 64-Bit Tiered Compilers"/>
    <property name="java.runtime.version" value="16.0.2+7-67"/>
    <property name="user.name" value="andre"/>
    <property name="path.separator" value=";"/>
    <property name="os.version" value="10.0"/>
    <property name="java.runtime.name" value="OpenJDK Runtime Environment"/>
    <property name="file.encoding" value="Cp1252"/>
    <property name="java.vm.name" value="OpenJDK 64-Bit Server VM"/>
    <property name="localRepository" value="C:\Users\andre\.m2\repository"/>
    <property name="java.vendor.url.bug" value="https://bugreport.java.com/bugreport/"/>
    <property name="java.io.tmpdir" value="C:\Users\andre\AppData\Local\Temp\"/>
    <property name="java.version" value="16.0.2"/>
    <property name="user.dir" value="C:\Users\andre\PortoDiRavenna\trunk\BE\prvREST"/>
    <property name="os.arch" value="amd64"/>
    <property name="java.vm.specification.name" value="Java Virtual Machine Specification"/>
    <property name="sun.os.patch.level" value=""/>
    <property name="java.library.path" value="C:\Users\andre\.p2\pool\plugins\org.eclipse.justj.openjdk.hotspot.jre.full.win32.x86_64_16.0.2.v20210721-1149\jre\bin;C:\WINDOWS\Sun\Java\bin;C:\WINDOWS\system32;C:\WINDOWS;C:/Users/andre/.p2/pool/plugins/org.eclipse.justj.openjdk.hotspot.jre.full.win32.x86_64_16.0.2.v20210721-1149/jre/bin/server;C:/Users/andre/.p2/pool/plugins/org.eclipse.justj.openjdk.hotspot.jre.full.win32.x86_64_16.0.2.v20210721-1149/jre/bin;C:\Program Files\Common Files\Oracle\Java\javapath;C:\Program Files (x86)\Common Files\Oracle\Java\javapath;C:\WINDOWS\system32;C:\WINDOWS;C:\WINDOWS\System32\Wbem;C:\WINDOWS\System32\WindowsPowerShell\v1.0\;C:\WINDOWS\System32\OpenSSH\;C:\Program Files\Java\jdk1.8.0_301\bin;C:\Program Files\TortoiseSVN\bin;C:\Program Files\nodejs\;C:\Program Files\PuTTY\;C:\Program Files\Microsoft SQL Server\130\Tools\Binn\;C:\Program Files\Git\cmd;C:\Program Files\Microsoft SQL Server\Client SDK\ODBC\170\Tools\Binn\;C:\Program Files (x86)\Microsoft SQL Server\150\Tools\Binn\;C:\Program Files\Microsoft SQL Server\150\Tools\Binn\;C:\Program Files\Microsoft SQL Server\150\DTS\Binn\;C:\Program Files (x86)\Microsoft SQL Server\150\DTS\Binn\;C:\Program Files\Azure Data Studio\bin;C:\MVN\apache-maven-3.8.3-bin\apache-maven-3.8.3\bin;C:\Users\andre\AppData\Local\Microsoft\WindowsApps;C:\Users\andre\AppData\Roaming\npm;C:\Users\andre\AppData\Local\Programs\Microsoft VS Code\bin;C:\Program Files\Azure Data Studio\bin;C:\WINDOWS\System32;;."/>
    <property name="java.vm.info" value="mixed mode"/>
    <property name="java.vendor" value="Oracle Corporation"/>
    <property name="java.vm.version" value="16.0.2+7-67"/>
    <property name="sun.io.unicode.encoding" value="UnicodeLittle"/>
    <property name="java.class.version" value="60.0"/>
  </properties>
  <testcase name="ifRoleIsGuestAndCallUtilityMethodsThenAllWillBeChecked" classname="it.rjcsoft.prv.utils.PrvRolesUtilsTest" time="0.245"/>
  <testcase name="ifRoleIsWriterExtAndCallUtilityMethodsThenAllWillBeChecked" classname="it.rjcsoft.prv.utils.PrvRolesUtilsTest" time="0.018"/>
  <testcase name="ifRoleIsWriterIntAndCallUtilityMethodsThenAllWillBeChecked" classname="it.rjcsoft.prv.utils.PrvRolesUtilsTest" time="0.003"/>
  <testcase name="ifRoleIsReaderExtAndCallUtilityMethodsThenAllWillBeChecked" classname="it.rjcsoft.prv.utils.PrvRolesUtilsTest" time="0.002"/>
  <testcase name="ifRoleIsAdminAndCallUtilityMethodsThenAllWillBeChecked" classname="it.rjcsoft.prv.utils.PrvRolesUtilsTest" time="0.002"/>
  <testcase name="ifRoleIsReaderIntAndCallUtilityMethodsThenAllWillBeChecked" classname="it.rjcsoft.prv.utils.PrvRolesUtilsTest" time="0.006"/>
</testsuite>